{"/Users/marikoalvarado/Documents/codefellows/401/basic-express-server/src/server.js": {"path":"/Users/marikoalvarado/Documents/codefellows/401/basic-express-server/src/server.js","statementMap":{"0":{"start":{"line":3,"column":16},"end":{"line":3,"column":34}},"1":{"start":{"line":4,"column":12},"end":{"line":4,"column":21}},"2":{"start":{"line":6,"column":17},"end":{"line":6,"column":48}},"3":{"start":{"line":7,"column":21},"end":{"line":7,"column":52}},"4":{"start":{"line":8,"column":15},"end":{"line":8,"column":45}},"5":{"start":{"line":9,"column":18},"end":{"line":9,"column":51}},"6":{"start":{"line":11,"column":0},"end":{"line":11,"column":24}},"7":{"start":{"line":13,"column":0},"end":{"line":19,"column":3}},"8":{"start":{"line":14,"column":2},"end":{"line":14,"column":38}},"9":{"start":{"line":15,"column":15},"end":{"line":17,"column":3}},"10":{"start":{"line":18,"column":2},"end":{"line":18,"column":31}},"11":{"start":{"line":21,"column":0},"end":{"line":21,"column":18}},"12":{"start":{"line":22,"column":0},"end":{"line":22,"column":22}},"13":{"start":{"line":23,"column":0},"end":{"line":23,"column":21}},"14":{"start":{"line":26,"column":2},"end":{"line":28,"column":4}},"15":{"start":{"line":27,"column":4},"end":{"line":27,"column":42}},"16":{"start":{"line":31,"column":0},"end":{"line":34,"column":1}}},"fnMap":{"0":{"name":"(anonymous_0)","decl":{"start":{"line":13,"column":30},"end":{"line":13,"column":31}},"loc":{"start":{"line":13,"column":44},"end":{"line":19,"column":1}},"line":13},"1":{"name":"start","decl":{"start":{"line":25,"column":9},"end":{"line":25,"column":14}},"loc":{"start":{"line":25,"column":21},"end":{"line":29,"column":1}},"line":25},"2":{"name":"(anonymous_2)","decl":{"start":{"line":26,"column":19},"end":{"line":26,"column":20}},"loc":{"start":{"line":26,"column":25},"end":{"line":28,"column":3}},"line":26}},"branchMap":{},"s":{"0":2,"1":2,"2":2,"3":2,"4":2,"5":2,"6":2,"7":2,"8":2,"9":2,"10":2,"11":2,"12":2,"13":2,"14":0,"15":0,"16":2},"f":{"0":2,"1":0,"2":0},"b":{},"_coverageSchema":"1a1c01bbd47fc00a2c39e90264f33305004495a9","hash":"430fe3af5ab304e9733e346fd25edf9d3bc8a291"}
,"/Users/marikoalvarado/Documents/codefellows/401/basic-express-server/src/error-handlers/404.js": {"path":"/Users/marikoalvarado/Documents/codefellows/401/basic-express-server/src/error-handlers/404.js","statementMap":{"0":{"start":{"line":4,"column":2},"end":{"line":4,"column":18}},"1":{"start":{"line":5,"column":2},"end":{"line":5,"column":43}},"2":{"start":{"line":6,"column":2},"end":{"line":6,"column":35}},"3":{"start":{"line":9,"column":0},"end":{"line":9,"column":26}}},"fnMap":{"0":{"name":"notFound","decl":{"start":{"line":3,"column":9},"end":{"line":3,"column":17}},"loc":{"start":{"line":3,"column":34},"end":{"line":7,"column":1}},"line":3}},"branchMap":{},"s":{"0":2,"1":2,"2":2,"3":2},"f":{"0":2},"b":{},"_coverageSchema":"1a1c01bbd47fc00a2c39e90264f33305004495a9","hash":"6ead806d4fc119595d80cc91c8215a06d98902e7"}
,"/Users/marikoalvarado/Documents/codefellows/401/basic-express-server/src/error-handlers/500.js": {"path":"/Users/marikoalvarado/Documents/codefellows/401/basic-express-server/src/error-handlers/500.js","statementMap":{"0":{"start":{"line":4,"column":2},"end":{"line":4,"column":18}},"1":{"start":{"line":5,"column":2},"end":{"line":5,"column":37}},"2":{"start":{"line":6,"column":2},"end":{"line":6,"column":27}},"3":{"start":{"line":9,"column":0},"end":{"line":9,"column":30}}},"fnMap":{"0":{"name":"errorHandler","decl":{"start":{"line":3,"column":9},"end":{"line":3,"column":21}},"loc":{"start":{"line":3,"column":43},"end":{"line":7,"column":1}},"line":3}},"branchMap":{},"s":{"0":1,"1":1,"2":1,"3":2},"f":{"0":1},"b":{},"_coverageSchema":"1a1c01bbd47fc00a2c39e90264f33305004495a9","hash":"d5cf48fb2f586e6dfb9e1a7f8695f495bf520afd"}
,"/Users/marikoalvarado/Documents/codefellows/401/basic-express-server/src/middleware/logger.js": {"path":"/Users/marikoalvarado/Documents/codefellows/401/basic-express-server/src/middleware/logger.js","statementMap":{"0":{"start":{"line":4,"column":2},"end":{"line":4,"column":49}},"1":{"start":{"line":5,"column":2},"end":{"line":5,"column":9}},"2":{"start":{"line":8,"column":0},"end":{"line":8,"column":24}}},"fnMap":{"0":{"name":"logReq","decl":{"start":{"line":3,"column":9},"end":{"line":3,"column":15}},"loc":{"start":{"line":3,"column":32},"end":{"line":6,"column":1}},"line":3}},"branchMap":{},"s":{"0":1,"1":1,"2":3},"f":{"0":1},"b":{},"_coverageSchema":"1a1c01bbd47fc00a2c39e90264f33305004495a9","hash":"d3c435c65b28050a21f2ad247e4e3d14227a1868"}
,"/Users/marikoalvarado/Documents/codefellows/401/basic-express-server/src/middleware/validator.js": {"path":"/Users/marikoalvarado/Documents/codefellows/401/basic-express-server/src/middleware/validator.js","statementMap":{"0":{"start":{"line":4,"column":2},"end":{"line":4,"column":47}},"1":{"start":{"line":5,"column":2},"end":{"line":9,"column":3}},"2":{"start":{"line":6,"column":4},"end":{"line":6,"column":11}},"3":{"start":{"line":8,"column":4},"end":{"line":8,"column":15}},"4":{"start":{"line":11,"column":0},"end":{"line":11,"column":27}}},"fnMap":{"0":{"name":"checkName","decl":{"start":{"line":3,"column":9},"end":{"line":3,"column":18}},"loc":{"start":{"line":3,"column":35},"end":{"line":10,"column":1}},"line":3}},"branchMap":{"0":{"loc":{"start":{"line":5,"column":2},"end":{"line":9,"column":3}},"type":"if","locations":[{"start":{"line":5,"column":2},"end":{"line":9,"column":3}},{"start":{"line":5,"column":2},"end":{"line":9,"column":3}}],"line":5}},"s":{"0":3,"1":3,"2":2,"3":1,"4":2},"f":{"0":3},"b":{"0":[2,1]},"_coverageSchema":"1a1c01bbd47fc00a2c39e90264f33305004495a9","hash":"c9b0badf03c11bde68ede2c785a95fe477a39188"}
}
