TN:
SF:src/server.js
FN:13,(anonymous_0)
FN:25,start
FN:26,(anonymous_2)
FNF:3
FNH:1
FNDA:2,(anonymous_0)
FNDA:0,start
FNDA:0,(anonymous_2)
DA:3,2
DA:4,2
DA:6,2
DA:7,2
DA:8,2
DA:9,2
DA:11,2
DA:13,2
DA:14,2
DA:15,2
DA:18,2
DA:21,2
DA:22,2
DA:23,2
DA:26,0
DA:27,0
DA:31,2
LF:17
LH:15
BRF:0
BRH:0
end_of_record
TN:
SF:src/error-handlers/404.js
FN:3,notFound
FNF:1
FNH:1
FNDA:2,notFound
DA:4,2
DA:5,2
DA:6,2
DA:9,2
LF:4
LH:4
BRF:0
BRH:0
end_of_record
TN:
SF:src/error-handlers/500.js
FN:3,errorHandler
FNF:1
FNH:1
FNDA:1,errorHandler
DA:4,1
DA:5,1
DA:6,1
DA:9,2
LF:4
LH:4
BRF:0
BRH:0
end_of_record
TN:
SF:src/middleware/logger.js
FN:3,logReq
FNF:1
FNH:1
FNDA:1,logReq
DA:4,1
DA:5,1
DA:8,3
LF:3
LH:3
BRF:0
BRH:0
end_of_record
TN:
SF:src/middleware/validator.js
FN:3,checkName
FNF:1
FNH:1
FNDA:3,checkName
DA:4,3
DA:5,3
DA:6,2
DA:8,1
DA:11,2
LF:5
LH:5
BRDA:5,0,0,2
BRDA:5,0,1,1
BRF:2
BRH:2
end_of_record
